2017-06-13 16:23:39,200 - BrowserEngine - INFO - You had selected Chrome browser. 
2017-06-13 16:23:39,200 - BrowserEngine - INFO - You had via to https://www.baidu.com url.
2017-06-13 16:23:43,104 - BrowserEngine - INFO - Starting chrome browser.
2017-06-13 16:23:44,648 - BrowserEngine - INFO - Open url: https://www.baidu.com
2017-06-13 16:23:46,155 - BrowserEngine - INFO - Maximinze the current windows.
2017-06-13 16:23:46,157 - BrowserEngine - INFO - Set implicitly wait 10 sec.
2017-06-13 16:23:46,203 - BasePage - INFO - Had find the element '  ' successfulby id via value: kw 
2017-06-13 16:23:46,385 - BasePage - INFO - Had type ' selenium ' in inputBox
2017-06-13 16:23:46,441 - BasePage - INFO - Had find the element '  ' successful by xpath via value: //*[@id='su'] 
2017-06-13 16:23:46,542 - BasePage - INFO - The element '  ' was clicked.
2017-06-13 16:23:48,743 - BasePage - INFO - Had take screenshot and save to folder : /screenshots
2017-06-13 16:23:48,749 - BasePage - INFO - Current page title is selenium_百度搜索
2017-06-13 16:23:48,753 - BaiduSearch - INFO - baidu closed......
2017-06-13 16:23:51,796 - BrowserEngine - INFO - You had selected Chrome browser. 
2017-06-13 16:23:51,796 - BrowserEngine - INFO - You had via to https://www.baidu.com url.
2017-06-13 16:23:56,302 - BrowserEngine - INFO - Starting chrome browser.
2017-06-13 16:23:57,928 - BrowserEngine - INFO - Open url: https://www.baidu.com
2017-06-13 16:23:59,415 - BrowserEngine - INFO - Maximinze the current windows.
2017-06-13 16:23:59,417 - BrowserEngine - INFO - Set implicitly wait 10 sec.
2017-06-13 16:23:59,466 - BasePage - INFO - Had find the element '  ' successfulby id via value: kw 
2017-06-13 16:23:59,635 - BasePage - INFO - Had type ' python ' in inputBox
2017-06-13 16:23:59,687 - BasePage - INFO - Had find the element '  ' successful by xpath via value: //*[@id='su'] 
2017-06-13 16:23:59,815 - BasePage - INFO - The element '  ' was clicked.
2017-06-13 16:24:01,979 - BasePage - INFO - Had take screenshot and save to folder : /screenshots
2017-06-13 16:24:01,979 - BaiduSearch - INFO - baidu closed......
