2017-06-13 15:10:26,542 - BrowserEngine - INFO - You had selected Chrome browser. 
2017-06-13 15:10:26,543 - BrowserEngine - INFO - You had via to https://www.baidu.com url.
2017-06-13 15:10:30,680 - BrowserEngine - INFO - Starting chrome browser.
2017-06-13 15:10:32,809 - BrowserEngine - INFO - Open url: https://www.baidu.com
2017-06-13 15:10:34,302 - BrowserEngine - INFO - Maximinze the current windows.
2017-06-13 15:10:34,305 - BrowserEngine - INFO - Set implicitly wait 10 sec.
2017-06-13 15:10:34,351 - BasePage - INFO - Had find the element '  ' successfulby id via value: kw 
2017-06-13 15:10:34,591 - BasePage - INFO - Had type ' selenium ' in inputBox
2017-06-13 15:10:34,641 - BasePage - INFO - Had find the element '  ' successful by xpath via value: //*[@id='su'] 
2017-06-13 15:10:34,750 - BasePage - INFO - The element '  ' was clicked.
2017-06-13 15:10:36,921 - BasePage - INFO - Had take screenshot and save to folder : /screenshots
2017-06-13 15:10:36,926 - BasePage - INFO - Current page title is selenium_百度搜索
2017-06-13 15:10:36,947 - BaiduSearch - INFO - baidu closed......
2017-06-13 15:10:39,993 - BrowserEngine - INFO - You had selected Chrome browser. 
2017-06-13 15:10:39,993 - BrowserEngine - INFO - You had via to https://www.baidu.com url.
2017-06-13 15:10:44,161 - BrowserEngine - INFO - Starting chrome browser.
2017-06-13 15:10:45,187 - BrowserEngine - INFO - Open url: https://www.baidu.com
2017-06-13 15:10:46,663 - BrowserEngine - INFO - Maximinze the current windows.
2017-06-13 15:10:46,664 - BrowserEngine - INFO - Set implicitly wait 10 sec.
2017-06-13 15:10:46,709 - BasePage - INFO - Had find the element '  ' successfulby id via value: kw 
2017-06-13 15:10:46,881 - BasePage - INFO - Had type ' python ' in inputBox
2017-06-13 15:10:46,930 - BasePage - INFO - Had find the element '  ' successful by xpath via value: //*[@id='su'] 
2017-06-13 15:10:47,026 - BasePage - INFO - The element '  ' was clicked.
2017-06-13 15:10:49,187 - BasePage - INFO - Had take screenshot and save to folder : /screenshots
2017-06-13 15:10:49,187 - BaiduSearch - INFO - baidu closed......
