2017-07-10 15:26:26,451 - BrowserEngine - INFO - You had selected Chrome browser. 
2017-07-10 15:26:26,453 - BrowserEngine - INFO - You had via to https://www.baidu.com url.
2017-07-10 15:26:30,730 - BrowserEngine - INFO - Starting chrome browser.
2017-07-10 15:26:32,470 - BrowserEngine - INFO - Open url: https://www.baidu.com
2017-07-10 15:26:33,915 - BrowserEngine - INFO - Maximinze the current windows.
2017-07-10 15:26:33,917 - BrowserEngine - INFO - Set implicitly wait 10 sec.
2017-07-10 15:26:33,967 - BasePage - INFO - Had find the element '  ' successfulby id via value: kw 
2017-07-10 15:26:34,176 - BasePage - INFO - Had type ' selenium ' in inputBox
2017-07-10 15:26:34,246 - BasePage - INFO - Had find the element '  ' successful by xpath via value: //*[@id='su'] 
2017-07-10 15:26:34,351 - BasePage - INFO - The element '  ' was clicked.
2017-07-10 15:26:36,720 - BasePage - INFO - Had take screenshot and save to folder : /screenshots
2017-07-10 15:26:36,726 - BasePage - INFO - Current page title is selenium_百度搜索
2017-07-10 15:26:36,730 - BaiduSearch - INFO - baidu closed......
2017-07-10 15:26:39,801 - BrowserEngine - INFO - You had selected Chrome browser. 
2017-07-10 15:26:39,801 - BrowserEngine - INFO - You had via to https://www.baidu.com url.
2017-07-10 15:26:44,578 - BrowserEngine - INFO - Starting chrome browser.
2017-07-10 15:26:46,108 - BrowserEngine - INFO - Open url: https://www.baidu.com
2017-07-10 15:26:47,549 - BrowserEngine - INFO - Maximinze the current windows.
2017-07-10 15:26:47,551 - BrowserEngine - INFO - Set implicitly wait 10 sec.
2017-07-10 15:26:47,601 - BasePage - INFO - Had find the element '  ' successfulby id via value: kw 
2017-07-10 15:26:47,790 - BasePage - INFO - Had type ' python ' in inputBox
2017-07-10 15:26:47,851 - BasePage - INFO - Had find the element '  ' successful by xpath via value: //*[@id='su'] 
2017-07-10 15:26:47,980 - BasePage - INFO - The element '  ' was clicked.
2017-07-10 15:26:50,319 - BasePage - INFO - Had take screenshot and save to folder : /screenshots
2017-07-10 15:26:50,325 - BasePage - INFO - Current page title is python_百度搜索
2017-07-10 15:26:50,328 - BaiduSearch - INFO - baidu closed......
