2017-07-10 15:31:40,322 - BrowserEngine - INFO - You had selected Chrome browser. 
2017-07-10 15:31:40,323 - BrowserEngine - INFO - You had via to https://www.baidu.com url.
2017-07-10 15:31:45,193 - BrowserEngine - INFO - Starting chrome browser.
2017-07-10 15:31:47,104 - BrowserEngine - INFO - Open url: https://www.baidu.com
2017-07-10 15:31:48,528 - BrowserEngine - INFO - Maximinze the current windows.
2017-07-10 15:31:48,529 - BrowserEngine - INFO - Set implicitly wait 10 sec.
2017-07-10 15:31:48,575 - BasePage - INFO - Had find the element '  ' successfulby id via value: kw 
2017-07-10 15:31:48,786 - BasePage - INFO - Had type ' selenium ' in inputBox
2017-07-10 15:31:48,848 - BasePage - INFO - Had find the element '  ' successful by xpath via value: //*[@id='su'] 
2017-07-10 15:31:48,956 - BasePage - INFO - The element '  ' was clicked.
2017-07-10 15:31:51,371 - BasePage - INFO - Had take screenshot and save to folder : /screenshots
2017-07-10 15:31:51,377 - BasePage - INFO - Current page title is selenium_百度搜索
2017-07-10 15:31:51,381 - BaiduSearch - INFO - baidu closed......
2017-07-10 15:31:54,433 - BrowserEngine - INFO - You had selected Chrome browser. 
2017-07-10 15:31:54,433 - BrowserEngine - INFO - You had via to https://www.baidu.com url.
2017-07-10 15:31:58,667 - BrowserEngine - INFO - Starting chrome browser.
2017-07-10 15:32:00,358 - BrowserEngine - INFO - Open url: https://www.baidu.com
2017-07-10 15:32:01,789 - BrowserEngine - INFO - Maximinze the current windows.
2017-07-10 15:32:01,790 - BrowserEngine - INFO - Set implicitly wait 10 sec.
2017-07-10 15:32:01,842 - BasePage - INFO - Had find the element '  ' successfulby id via value: kw 
2017-07-10 15:32:02,026 - BasePage - INFO - Had type ' python ' in inputBox
2017-07-10 15:32:02,085 - BasePage - INFO - Had find the element '  ' successful by xpath via value: //*[@id='su'] 
2017-07-10 15:32:02,236 - BasePage - INFO - The element '  ' was clicked.
2017-07-10 15:32:04,566 - BasePage - INFO - Had take screenshot and save to folder : /screenshots
2017-07-10 15:32:04,572 - BasePage - INFO - Current page title is python_百度搜索
2017-07-10 15:32:04,576 - BaiduSearch - INFO - baidu closed......
