2017-06-13 16:41:07,549 - BrowserEngine - INFO - You had selected Chrome browser. 
2017-06-13 16:41:07,549 - BrowserEngine - INFO - You had via to https://www.baidu.com url.
2017-06-13 16:41:11,670 - BrowserEngine - INFO - Starting chrome browser.
2017-06-13 16:41:13,013 - BrowserEngine - INFO - Open url: https://www.baidu.com
2017-06-13 16:41:14,480 - BrowserEngine - INFO - Maximinze the current windows.
2017-06-13 16:41:14,480 - BrowserEngine - INFO - Set implicitly wait 10 sec.
2017-06-13 16:41:14,528 - BasePage - INFO - Had find the element '  ' successfulby id via value: kw 
2017-06-13 16:41:14,724 - BasePage - INFO - Had type ' selenium ' in inputBox
2017-06-13 16:41:14,778 - BasePage - INFO - Had find the element '  ' successful by xpath via value: //*[@id='su'] 
2017-06-13 16:41:14,871 - BasePage - INFO - The element '  ' was clicked.
2017-06-13 16:41:17,040 - BasePage - INFO - Had take screenshot and save to folder : /screenshots
2017-06-13 16:41:17,046 - BasePage - INFO - Current page title is selenium_百度搜索
2017-06-13 16:41:17,051 - BaiduSearch - INFO - baidu closed......
2017-06-13 16:41:20,096 - BrowserEngine - INFO - You had selected Chrome browser. 
2017-06-13 16:41:20,098 - BrowserEngine - INFO - You had via to https://www.baidu.com url.
2017-06-13 16:41:24,677 - BrowserEngine - INFO - Starting chrome browser.
2017-06-13 16:41:26,851 - BrowserEngine - INFO - Open url: https://www.baidu.com
2017-06-13 16:41:28,312 - BrowserEngine - INFO - Maximinze the current windows.
2017-06-13 16:41:28,313 - BrowserEngine - INFO - Set implicitly wait 10 sec.
2017-06-13 16:41:28,405 - BasePage - INFO - Had find the element '  ' successfulby id via value: kw 
2017-06-13 16:41:28,596 - BasePage - INFO - Had type ' python ' in inputBox
2017-06-13 16:41:28,648 - BasePage - INFO - Had find the element '  ' successful by xpath via value: //*[@id='su'] 
2017-06-13 16:41:28,766 - BasePage - INFO - The element '  ' was clicked.
2017-06-13 16:41:30,926 - BasePage - INFO - Had take screenshot and save to folder : /screenshots
2017-06-13 16:41:30,931 - BasePage - INFO - Current page title is python_百度搜索
2017-06-13 16:41:30,938 - BaiduSearch - INFO - baidu closed......
