2017-06-13 16:20:20,137 - BrowserEngine - INFO - You had selected Chrome browser. 
2017-06-13 16:20:20,137 - BrowserEngine - INFO - You had via to https://www.baidu.com url.
2017-06-13 16:20:24,092 - BrowserEngine - INFO - Starting chrome browser.
2017-06-13 16:20:25,803 - BrowserEngine - INFO - Open url: https://www.baidu.com
2017-06-13 16:20:27,247 - BrowserEngine - INFO - Maximinze the current windows.
2017-06-13 16:20:27,249 - BrowserEngine - INFO - Set implicitly wait 10 sec.
2017-06-13 16:20:27,298 - BasePage - INFO - Had find the element '  ' successfulby id via value: kw 
2017-06-13 16:20:27,500 - BasePage - INFO - Had type ' selenium ' in inputBox
2017-06-13 16:20:27,552 - BasePage - INFO - Had find the element '  ' successful by xpath via value: //*[@id='su'] 
2017-06-13 16:20:27,651 - BasePage - INFO - The element '  ' was clicked.
2017-06-13 16:20:29,931 - BasePage - INFO - Had take screenshot and save to folder : /screenshots
2017-06-13 16:20:29,937 - BasePage - INFO - Current page title is selenium_百度搜索
2017-06-13 16:20:29,940 - BaiduSearch - INFO - baidu closed......
2017-06-13 16:20:32,990 - BrowserEngine - INFO - You had selected Chrome browser. 
2017-06-13 16:20:32,990 - BrowserEngine - INFO - You had via to https://www.baidu.com url.
2017-06-13 16:20:36,948 - BrowserEngine - INFO - Starting chrome browser.
2017-06-13 16:20:38,859 - BrowserEngine - INFO - Open url: https://www.baidu.com
2017-06-13 16:20:40,257 - BrowserEngine - INFO - Maximinze the current windows.
2017-06-13 16:20:40,259 - BrowserEngine - INFO - Set implicitly wait 10 sec.
2017-06-13 16:20:40,325 - BasePage - INFO - Had find the element '  ' successfulby id via value: kw 
2017-06-13 16:20:40,486 - BasePage - INFO - Had type ' python ' in inputBox
2017-06-13 16:20:40,539 - BasePage - INFO - Had find the element '  ' successful by xpath via value: //*[@id='su'] 
2017-06-13 16:20:40,644 - BasePage - INFO - The element '  ' was clicked.
2017-06-13 16:20:42,801 - BasePage - INFO - Had take screenshot and save to folder : /screenshots
2017-06-13 16:20:42,801 - BaiduSearch - INFO - baidu closed......
