2017-06-13 17:06:19,144 - BrowserEngine - INFO - You had selected Chrome browser. 
2017-06-13 17:06:19,144 - BrowserEngine - INFO - You had via to https://www.baidu.com url.
2017-06-13 17:06:23,249 - BrowserEngine - INFO - Starting chrome browser.
2017-06-13 17:06:25,073 - BrowserEngine - INFO - Open url: https://www.baidu.com
2017-06-13 17:06:26,530 - BrowserEngine - INFO - Maximinze the current windows.
2017-06-13 17:06:26,532 - BrowserEngine - INFO - Set implicitly wait 10 sec.
2017-06-13 17:06:26,581 - BasePage - INFO - Had find the element '  ' successfulby id via value: kw 
2017-06-13 17:06:26,779 - BasePage - INFO - Had type ' selenium ' in inputBox
2017-06-13 17:06:26,844 - BasePage - INFO - Had find the element '  ' successful by xpath via value: //*[@id='su'] 
2017-06-13 17:06:26,940 - BasePage - INFO - The element '  ' was clicked.
2017-06-13 17:06:29,125 - BasePage - INFO - Had take screenshot and save to folder : /screenshots
2017-06-13 17:06:29,130 - BasePage - INFO - Current page title is selenium_百度搜索
2017-06-13 17:06:29,134 - BaiduSearch - INFO - baidu closed......
2017-06-13 17:06:32,174 - BrowserEngine - INFO - You had selected Chrome browser. 
2017-06-13 17:06:32,174 - BrowserEngine - INFO - You had via to https://www.baidu.com url.
2017-06-13 17:06:36,663 - BrowserEngine - INFO - Starting chrome browser.
2017-06-13 17:06:37,973 - BrowserEngine - INFO - Open url: https://www.baidu.com
2017-06-13 17:06:39,456 - BrowserEngine - INFO - Maximinze the current windows.
2017-06-13 17:06:39,460 - BrowserEngine - INFO - Set implicitly wait 10 sec.
2017-06-13 17:06:39,529 - BasePage - INFO - Had find the element '  ' successfulby id via value: kw 
2017-06-13 17:06:39,693 - BasePage - INFO - Had type ' python ' in inputBox
2017-06-13 17:06:39,744 - BasePage - INFO - Had find the element '  ' successful by xpath via value: //*[@id='su'] 
2017-06-13 17:06:39,868 - BasePage - INFO - The element '  ' was clicked.
2017-06-13 17:06:42,003 - BasePage - INFO - Had take screenshot and save to folder : /screenshots
2017-06-13 17:06:42,010 - BasePage - INFO - Current page title is python_百度搜索
2017-06-13 17:06:42,015 - BaiduSearch - INFO - baidu closed......
