2017-06-13 15:14:32,368 - BrowserEngine - INFO - You had selected Chrome browser. 
2017-06-13 15:14:32,368 - BrowserEngine - INFO - You had via to https://www.baidu.com url.
2017-06-13 15:14:36,346 - BrowserEngine - INFO - Starting chrome browser.
2017-06-13 15:14:38,296 - BrowserEngine - INFO - Open url: https://www.baidu.com
2017-06-13 15:14:39,756 - BrowserEngine - INFO - Maximinze the current windows.
2017-06-13 15:14:39,759 - BrowserEngine - INFO - Set implicitly wait 10 sec.
2017-06-13 15:14:39,802 - BasePage - INFO - Had find the element '  ' successfulby id via value: kw 
2017-06-13 15:14:39,986 - BasePage - INFO - Had type ' selenium ' in inputBox
2017-06-13 15:14:40,038 - BasePage - INFO - Had find the element '  ' successful by xpath via value: //*[@id='su'] 
2017-06-13 15:14:40,145 - BasePage - INFO - The element '  ' was clicked.
2017-06-13 15:14:42,338 - BasePage - INFO - Had take screenshot and save to folder : /screenshots
2017-06-13 15:14:42,342 - BasePage - INFO - Current page title is selenium_百度搜索
2017-06-13 15:14:42,348 - BaiduSearch - INFO - baidu closed......
2017-06-13 15:14:45,410 - BrowserEngine - INFO - You had selected Chrome browser. 
2017-06-13 15:14:45,411 - BrowserEngine - INFO - You had via to https://www.baidu.com url.
2017-06-13 15:14:49,342 - BrowserEngine - INFO - Starting chrome browser.
2017-06-13 15:14:51,102 - BrowserEngine - INFO - Open url: https://www.baidu.com
2017-06-13 15:14:52,591 - BrowserEngine - INFO - Maximinze the current windows.
2017-06-13 15:14:52,592 - BrowserEngine - INFO - Set implicitly wait 10 sec.
2017-06-13 15:14:52,638 - BasePage - INFO - Had find the element '  ' successfulby id via value: kw 
2017-06-13 15:14:52,809 - BasePage - INFO - Had type ' python ' in inputBox
2017-06-13 15:14:52,859 - BasePage - INFO - Had find the element '  ' successful by xpath via value: //*[@id='su'] 
2017-06-13 15:14:52,969 - BasePage - INFO - The element '  ' was clicked.
2017-06-13 15:14:55,127 - BasePage - INFO - Had take screenshot and save to folder : /screenshots
2017-06-13 15:14:55,127 - BaiduSearch - INFO - baidu closed......
