2017-06-13 16:05:35,339 - BrowserEngine - INFO - You had selected Chrome browser. 
2017-06-13 16:05:35,339 - BrowserEngine - INFO - You had via to https://www.baidu.com url.
2017-06-13 16:05:39,392 - BrowserEngine - INFO - Starting chrome browser.
2017-06-13 16:05:42,700 - BrowserEngine - INFO - Open url: https://www.baidu.com
2017-06-13 16:05:44,176 - BrowserEngine - INFO - Maximinze the current windows.
2017-06-13 16:05:44,183 - BrowserEngine - INFO - Set implicitly wait 10 sec.
2017-06-13 16:05:44,253 - BasePage - INFO - Had find the element '  ' successfulby id via value: kw 
2017-06-13 16:05:44,433 - BasePage - INFO - Had type ' selenium ' in inputBox
2017-06-13 16:05:44,482 - BasePage - INFO - Had find the element '  ' successful by xpath via value: //*[@id='su'] 
2017-06-13 16:05:44,628 - BasePage - INFO - The element '  ' was clicked.
2017-06-13 16:05:46,795 - BasePage - INFO - Had take screenshot and save to folder : /screenshots
2017-06-13 16:05:46,799 - BasePage - INFO - Current page title is selenium_百度搜索
2017-06-13 16:05:46,803 - BaiduSearch - INFO - baidu closed......
2017-06-13 16:05:49,854 - BrowserEngine - INFO - You had selected Chrome browser. 
2017-06-13 16:05:49,855 - BrowserEngine - INFO - You had via to https://www.baidu.com url.
2017-06-13 16:05:54,260 - BrowserEngine - INFO - Starting chrome browser.
2017-06-13 16:05:55,730 - BrowserEngine - INFO - Open url: https://www.baidu.com
2017-06-13 16:05:57,201 - BrowserEngine - INFO - Maximinze the current windows.
2017-06-13 16:05:57,203 - BrowserEngine - INFO - Set implicitly wait 10 sec.
2017-06-13 16:05:57,247 - BasePage - INFO - Had find the element '  ' successfulby id via value: kw 
2017-06-13 16:05:57,411 - BasePage - INFO - Had type ' python ' in inputBox
2017-06-13 16:05:57,460 - BasePage - INFO - Had find the element '  ' successful by xpath via value: //*[@id='su'] 
2017-06-13 16:05:57,559 - BasePage - INFO - The element '  ' was clicked.
2017-06-13 16:05:59,729 - BasePage - INFO - Had take screenshot and save to folder : /screenshots
2017-06-13 16:05:59,729 - BaiduSearch - INFO - baidu closed......
